<?xml version="1.0" encoding="UTF-8"?>
<!-- Generated by org.testng.reporters.JUnitXMLReporter -->
<testsuite ignored="0" hostname="DESKTOP-L3A5DNH" failures="0" tests="5" name="Surefire test" time="6.437" errors="0" timestamp="2025-06-18T19:04:05 IST">
  <testcase classname="com.spotify.oauth2.tests.PlayListTest" name="ShouldNotBeAbleToCreatePlayListWithExpiredToken" time="4.695"/>
  <testcase classname="com.spotify.oauth2.tests.PlayListTest" name="ShouldNotBeAbleToCreatePlayListWithoutName" time="5.925"/>
  <testcase classname="com.spotify.oauth2.tests.PlayListTest" name="ShouldBeAbleToGetPlayList" time="6.0"/>
  <testcase classname="com.spotify.oauth2.tests.PlayListTest" name="ShouldBeAbleToUpdatePlayList" time="6.04"/>
  <testcase classname="com.spotify.oauth2.tests.PlayListTest" name="ShouldBeAbleToCreatePlayList" time="6.088"/>
</testsuite> <!-- Surefire test -->
