<?xml version="1.0" encoding="UTF-8"?>
<!-- Generated by org.testng.reporters.JUnitXMLReporter -->
<testsuite ignored="0" hostname="DESKTOP-L3A5DNH" failures="0" tests="5" name="Default test" time="8.066" errors="0" timestamp="2025-06-18T19:18:41 IST">
  <testcase classname="com.spotify.oauth2.tests.PlayListTest" name="ShouldBeAbleToCreatePlayList" time="6.266"/>
  <testcase classname="com.spotify.oauth2.tests.PlayListTest" name="ShouldBeAbleToGetPlayList" time="0.385"/>
  <testcase classname="com.spotify.oauth2.tests.PlayListTest" name="ShouldBeAbleToUpdatePlayList" time="0.422"/>
  <testcase classname="com.spotify.oauth2.tests.PlayListTest" name="ShouldNotBeAbleToCreatePlayListWithExpiredToken" time="0.338"/>
  <testcase classname="com.spotify.oauth2.tests.PlayListTest" name="ShouldNotBeAbleToCreatePlayListWithoutName" time="0.328"/>
</testsuite> <!-- Default test -->
