<?xml version="1.0" encoding="UTF-8"?>
<testsuite xmlns:xsi="http://www.w3.org/2001/XMLSchema-instance" xsi:noNamespaceSchemaLocation="https://maven.apache.org/surefire/maven-surefire-plugin/xsd/surefire-test-report-3.0.xsd" version="3.0" name="TestSuite" time="8.144" tests="5" errors="0" skipped="0" failures="0">
  <properties>
[...]
</properties>
  <testcase name="ShouldNotBeAbleToCreatePlayListWithExpiredToken" classname="com.spotify.oauth2.tests.PlayListTest" time="4.719">
    <system-out><![CDATA[Starting test:ShouldBeAbleToUpdatePlayList
Starting test:ShouldBeAbleToGetPlayList
Starting test:ShouldNotBeAbleToCreatePlayListWithoutName
Starting test:ShouldBeAbleToCreatePlayList
Thread id:22
Thread id:24
Starting test:ShouldNotBeAbleToCreatePlayListWithExpiredToken
Thread id:23
Thread id:25
Thread id:26
renewing token.............
current time :2025-06-18T13:33:59.776698100Z
Request method:	POST
Request URI:	https://accounts.spotify.com/api/token
Proxy:			<none>
Request params:	<none>
Query params:	<none>
Form params:	refresh_token=AQCudnJCfqiRl9TAWuMBxbOQZ71jOi_XuL2XHetUUeWh6s7II0dCaZj_QpM8BxW7K8oSd23b2Q6W5Tz5T9eIAhsIacI_dMQEH4UyhxYCxa-2O7ihQhj4K64vnLhiM6DRigI
				grant_type=refresh_token
				client_secret=b387a501933e4d8695bddcf1046f0901
				client_id=78b671f3f66a49619c43f83adeb49b58
Path params:	<none>
Headers:		Accept=*/*
				Content-Type=application/x-www-form-urlencoded; charset=ISO-8859-1
Cookies:		<none>
Multiparts:		<none>
Body:			<none>
Request method:	POST
Request URI:	https://api.spotify.com/v1/users/31ojcqofcxzbgzwimr3qfeju4nku/playlists
Proxy:			<none>
Request params:	<none>
Query params:	<none>
Form params:	<none>
Path params:	<none>
Headers:		Accept=*/*
				Content-Type=application/json
Cookies:		<none>
Multiparts:		<none>
Body:
{
    "description": "PlaylistDescription:u_I+7&Z&+9&M_##o+&9i+OW2n_RjW3+8_0I-#Op_+_&__.&_+B",
    "name": "PlaylistName:,a__F23_u7",
    "public": false
}
HTTP/1.1 401 Unauthorized
www-authenticate: Bearer realm="spotify", error="invalid_token", error_description="Invalid access token"
access-control-allow-origin: *
access-control-allow-headers: Accept, App-Platform, Authorization, Content-Type, Origin, Retry-After, Spotify-App-Version, X-Cloud-Trace-Context, client-token, content-access-token
access-control-allow-methods: GET, POST, OPTIONS, PUT, DELETE, PATCH
access-control-allow-credentials: true
access-control-max-age: 604800
content-type: application/json
content-encoding: gzip
strict-transport-security: max-age=31536000
x-content-type-options: nosniff
alt-svc: h3=":443"; ma=2592000,h3-29=":443"; ma=2592000
date: Wed, 18 Jun 2025 13:36:31 GMT
server: envoy
Via: HTTP/2 edgeproxy, 1.1 google
Alt-Svc: h3=":443"; ma=2592000,h3-29=":443"; ma=2592000
Transfer-Encoding: chunked

{
    "error": {
        "status": 401,
        "message": "Invalid access token"
    }
}
HTTP/1.1 200 OK
date: Wed, 18 Jun 2025 13:36:32 GMT
content-type: application/json
vary: Accept-Encoding
request-id: 799acbf3-c0f7-497b-9b5f-1ac61aec17ff
set-cookie: __Host-device_id=AQDmtmkzlikWEA_XYo8YHarAHgUiIZDsGqIGzrJcmJXPOHGREPSx-rXzvNhAJWH1qBHWr7L4R1e4YlYabHjiqj_KYg3yiCllWaU;Version=1;Path=/;Max-Age=2147483647;Secure;HttpOnly;SameSite=Lax
set-cookie: sp_tr=false;Version=1;Domain=accounts.spotify.com;Path=/;Secure;SameSite=Lax
sp-trace-id: edd72dd8b9683b04
content-encoding: gzip
x-envoy-upstream-service-time: 25
server: envoy
strict-transport-security: max-age=31536000
x-content-type-options: nosniff
alt-svc: h3=":443"; ma=2592000,h3-29=":443"; ma=2592000
Via: HTTP/2 edgeproxy, 1.1 google
Alt-Svc: h3=":443"; ma=2592000,h3-29=":443"; ma=2592000
Transfer-Encoding: chunked

{
    "access_token": "BQC3HQeP9a_gWBg_Th8djwz3SaW86arJGMwxK7l2VepIBB--k3KUrRwtIbDEj492f2Siu-hQ0o1o9WiPvbhy6dd29uVEh5HVT4RhgXlphn7B1x19Vq04ZXmxdK3G2PfZS_FZdPkp-_l7GsA3j5sn-Uq32IuGk92_zQBsSoFKOtbWGWtjJYavA0WJHMY41pE6Hc63EnCR2qbx-eDfikJ6ftP4bX97PlyjT2kdPSxXoyPNeHK8KiUyTATpPbctcoc_T9XoshxC_D1D5L0yexWIA4_fB81Xqt72AI6SMcr8u00DlpFAFxOJ9eza",
    "token_type": "Bearer",
    "expires_in": 3600,
    "scope": "playlist-read-private playlist-read-collaborative playlist-modify-private playlist-modify-public"
}
]]></system-out>
    <system-err><![CDATA[SLF4J(W): No SLF4J providers were found.
SLF4J(W): Defaulting to no-operation (NOP) logger implementation
SLF4J(W): See https://www.slf4j.org/codes.html#noProviders for further details.
]]></system-err>
  </testcase>
  <testcase name="ShouldNotBeAbleToCreatePlayListWithoutName" classname="com.spotify.oauth2.tests.PlayListTest" time="5.933">
    <system-out><![CDATA[expiry time :false
Token is good to use.....
Token is good to use.....
Token is good to use.....
Request method:	GET
Request URI:	https://api.spotify.com/v1/playlists/5J9lk0hIMbGtKYWVk62U68
Proxy:			<none>
Request params:	<none>
Query params:	<none>
Form params:	<none>
Path params:	<none>
Headers:		Accept=*/*
				Content-Type=application/json
Cookies:		<none>
Multiparts:		<none>
Body:			<none>
Request method:	POST
Request URI:	https://api.spotify.com/v1/users/31ojcqofcxzbgzwimr3qfeju4nku/playlists
Proxy:			<none>
Request params:	<none>
Query params:	<none>
Form params:	<none>
Path params:	<none>
Headers:		Accept=*/*
				Content-Type=application/json
Cookies:		<none>
Multiparts:		<none>
Body:
{
    "description": "PlaylistDescription:&@+#1#&go#Q#w__#Ay+_+#-#+#54#m&1&_C++L&+&._T#+##&_",
    "name": "PlaylistName:La3__k_G9,",
    "public": false
}
Request method:	PUT
Request URI:	https://api.spotify.com/v1/playlists/4jAtdYmSk4mEYPsfpXGCbG
Proxy:			<none>
Request params:	<none>
Query params:	<none>
Form params:	<none>
Path params:	<none>
Headers:		Accept=*/*
				Content-Type=application/json
Cookies:		<none>
Multiparts:		<none>
Body:
{
    "description": "PlaylistDescription:O_5_Z#&_L+eQ&#+&#L+U_t__._-AH_/e__PR_+cv&.+&##&+T&",
    "name": "PlaylistName:__,T_I,_R_",
    "public": false
}
Request method:	POST
Request URI:	https://api.spotify.com/v1/users/31ojcqofcxzbgzwimr3qfeju4nku/playlists
Proxy:			<none>
Request params:	<none>
Query params:	<none>
Form params:	<none>
Path params:	<none>
Headers:		Accept=*/*
				Content-Type=application/json
Cookies:		<none>
Multiparts:		<none>
Body:
{
    "description": "PlaylistDescription:GVD+__&YFOKr&_Z&__4+&T++7@N__X&jm_&_#f#87&1P_e&U0G",
    "name": "",
    "public": false
}
HTTP/1.1 400 Bad Request
content-type: application/json; charset=utf-8
cache-control: private, max-age=0
access-control-allow-origin: *
access-control-allow-headers: Accept, App-Platform, Authorization, Content-Type, Origin, Retry-After, Spotify-App-Version, X-Cloud-Trace-Context, client-token, content-access-token
access-control-allow-methods: GET, POST, OPTIONS, PUT, DELETE, PATCH
access-control-allow-credentials: true
access-control-max-age: 604800
content-encoding: gzip
strict-transport-security: max-age=31536000
x-content-type-options: nosniff
alt-svc: h3=":443"; ma=2592000,h3-29=":443"; ma=2592000
date: Wed, 18 Jun 2025 13:36:33 GMT
server: envoy
Via: HTTP/2 edgeproxy, 1.1 google
Alt-Svc: h3=":443"; ma=2592000,h3-29=":443"; ma=2592000
Transfer-Encoding: chunked

{
    "error": {
        "status": 400,
        "message": "Missing required field: name"
    }
}
]]></system-out>
  </testcase>
  <testcase name="ShouldBeAbleToGetPlayList" classname="com.spotify.oauth2.tests.PlayListTest" time="6.002">
    <system-out><![CDATA[HTTP/1.1 200 OK
content-type: application/json; charset=utf-8
cache-control: public, max-age=0
etag: "MC-ImE3ZmMyZWE4OTQxYTRjYmIzZWYyZGYzMTE4MGE5MGMyIg=="
x-robots-tag: noindex, nofollow
access-control-allow-origin: *
access-control-allow-headers: Accept, App-Platform, Authorization, Content-Type, Origin, Retry-After, Spotify-App-Version, X-Cloud-Trace-Context, client-token, content-access-token
access-control-allow-methods: GET, POST, OPTIONS, PUT, DELETE, PATCH
access-control-allow-credentials: true
access-control-max-age: 604800
content-encoding: gzip
strict-transport-security: max-age=31536000
x-content-type-options: nosniff
alt-svc: h3=":443"; ma=2592000,h3-29=":443"; ma=2592000
date: Wed, 18 Jun 2025 13:36:33 GMT
server: envoy
Via: HTTP/2 edgeproxy, 1.1 google
Alt-Svc: h3=":443"; ma=2592000,h3-29=":443"; ma=2592000
Transfer-Encoding: chunked

{
    "collaborative": false,
    "description": "My New spoify song playlist description",
    "external_urls": {
        "spotify": "https://open.spotify.com/playlist/5J9lk0hIMbGtKYWVk62U68"
    },
    "followers": {
        "href": null,
        "total": 0
    },
    "href": "https://api.spotify.com/v1/playlists/5J9lk0hIMbGtKYWVk62U68",
    "id": "5J9lk0hIMbGtKYWVk62U68",
    "images": null,
    "name": " My New Spotify song Playlist",
    "owner": {
        "display_name": "shubhangi",
        "external_urls": {
            "spotify": "https://open.spotify.com/user/31ojcqofcxzbgzwimr3qfeju4nku"
        },
        "href": "https://api.spotify.com/v1/users/31ojcqofcxzbgzwimr3qfeju4nku",
        "id": "31ojcqofcxzbgzwimr3qfeju4nku",
        "type": "user",
        "uri": "spotify:user:31ojcqofcxzbgzwimr3qfeju4nku"
    },
    "primary_color": null,
    "public": true,
    "snapshot_id": "AAAAAd4dYkoGT7Ib26nCkZmrQ2Gyv9ju",
    "tracks": {
        "href": "https://api.spotify.com/v1/playlists/5J9lk0hIMbGtKYWVk62U68/tracks?offset=0&limit=0",
        "items": [
            
        ],
        "limit": 0,
        "next": null,
        "offset": 0,
        "previous": null,
        "total": 0
    },
    "type": "playlist",
    "uri": "spotify:playlist:5J9lk0hIMbGtKYWVk62U68"
}
]]></system-out>
  </testcase>
  <testcase name="ShouldBeAbleToUpdatePlayList" classname="com.spotify.oauth2.tests.PlayListTest" time="6.038">
    <system-out><![CDATA[HTTP/1.1 200 OK
cache-control: private, max-age=0
x-robots-tag: noindex, nofollow
access-control-allow-origin: *
access-control-allow-headers: Accept, App-Platform, Authorization, Content-Type, Origin, Retry-After, Spotify-App-Version, X-Cloud-Trace-Context, client-token, content-access-token
access-control-allow-methods: GET, POST, OPTIONS, PUT, DELETE, PATCH
access-control-allow-credentials: true
access-control-max-age: 604800
Content-Length: 0
strict-transport-security: max-age=31536000
x-content-type-options: nosniff
alt-svc: h3=":443"; ma=2592000,h3-29=":443"; ma=2592000
date: Wed, 18 Jun 2025 13:36:33 GMT
server: envoy
Via: HTTP/2 edgeproxy, 1.1 google
Alt-Svc: h3=":443"; ma=2592000,h3-29=":443"; ma=2592000
]]></system-out>
  </testcase>
  <testcase name="ShouldBeAbleToCreatePlayList" classname="com.spotify.oauth2.tests.PlayListTest" time="6.097">
    <system-out><![CDATA[HTTP/1.1 201 Created
content-type: application/json; charset=utf-8
cache-control: private, max-age=0
x-robots-tag: noindex, nofollow
access-control-allow-origin: *
access-control-allow-headers: Accept, App-Platform, Authorization, Content-Type, Origin, Retry-After, Spotify-App-Version, X-Cloud-Trace-Context, client-token, content-access-token
access-control-allow-methods: GET, POST, OPTIONS, PUT, DELETE, PATCH
access-control-allow-credentials: true
access-control-max-age: 604800
content-encoding: gzip
strict-transport-security: max-age=31536000
x-content-type-options: nosniff
alt-svc: h3=":443"; ma=2592000,h3-29=":443"; ma=2592000
date: Wed, 18 Jun 2025 13:36:33 GMT
server: envoy
Via: HTTP/2 edgeproxy, 1.1 google
Alt-Svc: h3=":443"; ma=2592000,h3-29=":443"; ma=2592000
Transfer-Encoding: chunked

{
    "collaborative": false,
    "description": "PlaylistDescription:&@+#1#&go#Q#w__#Ay+_+#-#+#54#m&1&_C++L&+&._T#+##&_",
    "external_urls": {
        "spotify": "https://open.spotify.com/playlist/0FcHVuiEGkJ2Ph7Us57X2E"
    },
    "followers": {
        "href": null,
        "total": 0
    },
    "href": "https://api.spotify.com/v1/playlists/0FcHVuiEGkJ2Ph7Us57X2E",
    "id": "0FcHVuiEGkJ2Ph7Us57X2E",
    "images": [
        
    ],
    "primary_color": null,
    "name": "PlaylistName:La3__k_G9,",
    "type": "playlist",
    "uri": "spotify:playlist:0FcHVuiEGkJ2Ph7Us57X2E",
    "owner": {
        "href": "https://api.spotify.com/v1/users/31ojcqofcxzbgzwimr3qfeju4nku",
        "id": "31ojcqofcxzbgzwimr3qfeju4nku",
        "type": "user",
        "uri": "spotify:user:31ojcqofcxzbgzwimr3qfeju4nku",
        "display_name": null,
        "external_urls": {
            "spotify": "https://open.spotify.com/user/31ojcqofcxzbgzwimr3qfeju4nku"
        }
    },
    "public": false,
    "snapshot_id": "AAAANsKJ3z02H4HuMdoGbcQ64UqLiVyG",
    "tracks": {
        "limit": 100,
        "next": null,
        "offset": 0,
        "previous": null,
        "href": "https://api.spotify.com/v1/playlists/0FcHVuiEGkJ2Ph7Us57X2E/tracks",
        "total": 0,
        "items": [
            
        ]
    }
}
]]></system-out>
  </testcase>
</testsuite>